c:\users\benjy\documents\cpsc_4500_vs_tmpl\gl_template\debug\vc120.pdb
c:\users\benjy\documents\cpsc_4500_vs_tmpl\gl_template\debug\vc120.idb
c:\users\benjy\documents\cpsc_4500_vs_tmpl\gl_template\debug\square.obj
c:\users\benjy\documents\cpsc_4500_vs_tmpl\gl_template\debug\circle.obj
c:\users\benjy\documents\cpsc_4500_vs_tmpl\gl_template\debug\message.obj
c:\users\benjy\documents\cpsc_4500_vs_tmpl\gl_template\debug\lec4.obj
c:\users\benjy\documents\cpsc_4500_vs_tmpl\gl_template\debug\source.obj
c:\users\benjy\documents\cpsc_4500_vs_tmpl\gl_template\debug\solidcube.obj
c:\users\benjy\documents\cpsc_4500_vs_tmpl\gl_template\debug\pyramid.obj
c:\users\benjy\documents\cpsc_4500_vs_tmpl\gl_template\debug\sun.obj
c:\users\benjy\documents\cpsc_4500_vs_tmpl\gl_template\debug\fractile.obj
c:\users\benjy\documents\cpsc_4500_vs_tmpl\gl_template\debug\colored_objects.obj
c:\users\benjy\documents\cpsc_4500_vs_tmpl\gl_template\debug\selection-lab-sol.obj
c:\users\benjy\documents\cpsc_4500_vs_tmpl\gl_template\debug\synthetic_texture.obj
c:\users\benjy\documents\cpsc_4500_vs_tmpl\gl_template\debug\boxlight-complete.obj
c:\users\benjy\documents\cpsc_4500_vs_tmpl\gl_template\debug\trimmedbicubicsplinesurface.obj
c:\users\benjy\documents\cpsc_4500_vs_tmpl\gl_template\debug\bsplines.obj
c:\users\benjy\documents\cpsc_4500_vs_tmpl\gl_template\debug\rollercoaster.obj
c:\users\benjy\documents\cpsc_4500_vs_tmpl\gl_template\debug\quadraticsplinecurve.obj
c:\users\benjy\documents\cpsc_4500_vs_tmpl\gl_template\debug\main.obj
c:\users\benjy\documents\cpsc_4500_vs_tmpl\gl_template\debug\gl_template.ilk
c:\users\benjy\documents\cpsc_4500_vs_tmpl\gl_template\debug\gl_template.exe
c:\users\benjy\documents\cpsc_4500_vs_tmpl\gl_template\debug\gl_template.pdb
c:\users\benjy\documents\cpsc_4500_vs_tmpl\gl_template\debug\gl_template.tlog\cl.command.1.tlog
c:\users\benjy\documents\cpsc_4500_vs_tmpl\gl_template\debug\gl_template.tlog\cl.read.1.tlog
c:\users\benjy\documents\cpsc_4500_vs_tmpl\gl_template\debug\gl_template.tlog\cl.write.1.tlog
c:\users\benjy\documents\cpsc_4500_vs_tmpl\gl_template\debug\gl_template.tlog\link.command.1.tlog
c:\users\benjy\documents\cpsc_4500_vs_tmpl\gl_template\debug\gl_template.tlog\link.read.1.tlog
c:\users\benjy\documents\cpsc_4500_vs_tmpl\gl_template\debug\gl_template.tlog\link.write.1.tlog
